4/20/2024 3:54:18 PM	This log contains information about the import schema operation into project 'AddOptimization.Database' on computer 'DESKTOP-5UT47KL' by user 'Vivek Singh'.
4/20/2024 3:54:18 PM	Import of database schema has started.
4/20/2024 3:54:48 PM	Gathering database credentials
4/20/2024 3:54:48 PM	Gathering database options
4/20/2024 3:54:48 PM	Gathering generic database scoped configuration option
4/20/2024 3:54:48 PM	Gathering users
4/20/2024 3:54:48 PM	Gathering roles
4/20/2024 3:54:48 PM	Gathering application roles
4/20/2024 3:54:48 PM	Gathering role memberships
4/20/2024 3:54:48 PM	Gathering filegroups
4/20/2024 3:54:48 PM	Gathering full-text catalogs
4/20/2024 3:54:48 PM	Gathering assemblies
4/20/2024 3:54:48 PM	Gathering certificates
4/20/2024 3:54:48 PM	Gathering asymmetric keys
4/20/2024 3:54:48 PM	Gathering symmetric keys
4/20/2024 3:54:48 PM	Gathering encrypted symmetric keys
4/20/2024 3:54:48 PM	Gathering schemas
4/20/2024 3:54:48 PM	Gathering XML schema collections
4/20/2024 3:54:48 PM	Gathering user-defined data types
4/20/2024 3:54:48 PM	Gathering user-defined types
4/20/2024 3:54:48 PM	Gathering table types
4/20/2024 3:54:48 PM	Gathering unique keys for table types
4/20/2024 3:54:48 PM	Gathering primary keys for table types
4/20/2024 3:54:48 PM	Gathering indexes for table types
4/20/2024 3:54:49 PM	Gathering check constraints for table types
4/20/2024 3:54:49 PM	Gathering default constraints for table types
4/20/2024 3:54:49 PM	Gathering partition functions
4/20/2024 3:54:49 PM	Gathering partition schemes
4/20/2024 3:54:49 PM	Gathering functions
4/20/2024 3:54:49 PM	Gathering encrypted functions
4/20/2024 3:54:49 PM	Gathering aggregates
4/20/2024 3:54:49 PM	Gathering procedures
4/20/2024 3:54:49 PM	Gathering encrypted procedures
4/20/2024 3:54:49 PM	Gathering tables
4/20/2024 3:54:49 PM	Gathering primary keys
4/20/2024 3:54:49 PM	Gathering unique constraints
4/20/2024 3:54:49 PM	Gathering foreign keys
4/20/2024 3:54:49 PM	Gathering default constraints
4/20/2024 3:54:49 PM	Gathering check constraints
4/20/2024 3:54:49 PM	Gathering views
4/20/2024 3:54:49 PM	Gathering encrypted views
4/20/2024 3:54:49 PM	Gathering indexes
4/20/2024 3:54:50 PM	Gathering statistics
4/20/2024 3:54:50 PM	Gathering full-text index stoplists
4/20/2024 3:54:50 PM	Gathering search property lists
4/20/2024 3:54:50 PM	Gathering search properties
4/20/2024 3:54:50 PM	Gathering full-text indexes
4/20/2024 3:54:50 PM	Gathering column store indexes
4/20/2024 3:54:50 PM	Gathering spatial indexes
4/20/2024 3:54:50 PM	Gathering XML indexes
4/20/2024 3:54:50 PM	Gathering Selective XML indexes
4/20/2024 3:54:50 PM	Gathering encrypted triggers
4/20/2024 3:54:50 PM	Gathering triggers
4/20/2024 3:54:50 PM	Gathering encrypted and clr ddl triggers
4/20/2024 3:54:50 PM	Gathering ddl triggers
4/20/2024 3:54:50 PM	Creating edge constraints
4/20/2024 3:54:50 PM	Gathering synonyms
4/20/2024 3:54:50 PM	Gathering defaults
4/20/2024 3:54:50 PM	Gathering data constraint uddt bindings
4/20/2024 3:54:50 PM	Gathering rules
4/20/2024 3:54:50 PM	Gathering data constraint uddt bindings
4/20/2024 3:54:50 PM	Gathering message types
4/20/2024 3:54:50 PM	Gathering queues
4/20/2024 3:54:50 PM	Gathering contracts
4/20/2024 3:54:50 PM	Gathering services
4/20/2024 3:54:50 PM	Gathering event notifications
4/20/2024 3:54:50 PM	Gathering remote service bindings
4/20/2024 3:54:50 PM	Gathering broker priorities
4/20/2024 3:54:50 PM	Gathering signatures
4/20/2024 3:54:50 PM	Gathering compression options
4/20/2024 3:54:50 PM	Gathering sequence types
4/20/2024 3:54:50 PM	Gathering security policies
4/20/2024 3:54:50 PM	Gather column encryption keys
4/20/2024 3:54:50 PM	Gathering column master keys
4/20/2024 3:54:50 PM	Gathering external data sources
4/20/2024 3:54:50 PM	Gathering external file formats
4/20/2024 3:54:50 PM	Gathering external tables
4/20/2024 3:54:50 PM	Gathering extended properties
4/20/2024 3:54:50 PM	Gathering assemblies
4/20/2024 3:54:55 PM	Gathering credentials
4/20/2024 3:54:55 PM	Gathering logins
4/20/2024 3:54:55 PM	Gathering server audits
4/20/2024 3:54:57 PM	Scanning project for duplicate elements
4/20/2024 3:54:57 PM	Finished duplicate element processing
4/20/2024 3:54:58 PM	Finished importing database.
4/20/2024 3:54:58 PM	A summary of the import was saved to the following location: E:\AddOptimization\AddOptimization.Database\Import Schema Logs\AddOptimization.Data_20240420102418.log
4/20/2024 3:54:58 PM	Click Finish to continue...
